<?xml version="1.0" encoding="UTF-8"?>
<testsuite name="com.example.skillboxsecondtask.SkillboxSecondTaskApplicationTests" tests="1" skipped="0" failures="0" errors="0" timestamp="2025-10-21T12:15:58" hostname="LAPTOP-K7S8GART" time="1.086">
  <properties/>
  <testcase name="contextLoads()" classname="com.example.skillboxsecondtask.SkillboxSecondTaskApplicationTests" time="1.086"/>
  <system-out><![CDATA[15:15:56.280 [Test worker] INFO org.springframework.test.context.support.AnnotationConfigContextLoaderUtils -- Could not detect default configuration classes for test class [com.example.skillboxsecondtask.SkillboxSecondTaskApplicationTests]: SkillboxSecondTaskApplicationTests does not declare any static, non-private, non-final, nested classes annotated with @Configuration.
15:15:56.427 [Test worker] INFO org.springframework.boot.test.context.SpringBootTestContextBootstrapper -- Found @SpringBootConfiguration com.example.skillboxsecondtask.SkillboxSecondTaskApplication for test class com.example.skillboxsecondtask.SkillboxSecondTaskApplicationTests

  .   ____          _            __ _ _
 /\\ / ___'_ __ _ _(_)_ __  __ _ \ \ \ \
( ( )\___ | '_ | '_| | '_ \/ _` | \ \ \ \
 \\/  ___)| |_)| | | | | || (_| |  ) ) ) )
  '  |____| .__|_| |_|_| |_\__, | / / / /
 =========|_|==============|___/=/_/_/_/
 :: Spring Boot ::                (v3.1.1)

2025-10-21T15:15:57.152+03:00  INFO 31608 --- [    Test worker] c.e.s.SkillboxSecondTaskApplicationTests : Starting SkillboxSecondTaskApplicationTests using Java 17.0.0.1 with PID 31608 (started by Tanya in D:\JAVA\SpringFramework1\second-task)
2025-10-21T15:15:57.155+03:00  INFO 31608 --- [    Test worker] c.e.s.SkillboxSecondTaskApplicationTests : No active profile set, falling back to 1 default profile: "default"
2025-10-21T15:15:58.106+03:00  WARN 31608 --- [    Test worker] org.jline                                : Unable to create a system terminal, creating a dumb terminal (enable debug logging for more information)
2025-10-21T15:15:58.500+03:00  INFO 31608 --- [    Test worker] c.e.s.SkillboxSecondTaskApplicationTests : Started SkillboxSecondTaskApplicationTests in 1.827 seconds (process running for 3.585)
]]></system-out>
  <system-err><![CDATA[]]></system-err>
</testsuite>
